<?xml version="1.0" encoding="UTF-8"?>
<!-- Generated by org.testng.reporters.JUnitReportReporter -->
<testsuite skipped="0" hostname="DESKTOP-BLQ5ACA" name="com.runner.TestRunnerClass" tests="3" failures="0" timestamp="09 Mar 2020 11:35:50 GMT" time="96.181" errors="0">
  <testcase name="runScenario" time="42.663" classname="com.runner.TestRunnerClass"/>
  <testcase name="runScenario" time="24.442" classname="com.runner.TestRunnerClass"/>
  <testcase name="runScenario" time="29.076" classname="com.runner.TestRunnerClass"/>
</testsuite> <!-- com.runner.TestRunnerClass -->
